[debug] [2022-03-23T00:56:19.229Z] ----------------------------------------------------------------------
[debug] [2022-03-23T00:56:19.231Z] Command:       C:\Program Files\nodejs\node.exe C:\Users\Spencer\AppData\Roaming\npm\node_modules\firebase-tools\lib\bin\firebase.js emulators:start --only hosting
[debug] [2022-03-23T00:56:19.231Z] CLI Version:   10.4.2
[debug] [2022-03-23T00:56:19.231Z] Platform:      win32
[debug] [2022-03-23T00:56:19.231Z] Node Version:  v14.15.4
[debug] [2022-03-23T00:56:19.232Z] Time:          Tue Mar 22 2022 19:56:19 GMT-0500 (Central Daylight Time)
[debug] [2022-03-23T00:56:19.232Z] ----------------------------------------------------------------------
[debug] 
[debug] [2022-03-23T00:56:19.302Z] > command requires scopes: ["email","openid","https://www.googleapis.com/auth/cloudplatformprojects.readonly","https://www.googleapis.com/auth/firebase","https://www.googleapis.com/auth/cloud-platform"]
[debug] [2022-03-23T00:56:19.303Z] > authorizing via signed-in user (hikade.spencer@gmail.com)
[info] i  emulators: Starting emulators: hosting {"metadata":{"emulator":{"name":"hub"},"message":"Starting emulators: hosting"}}
[debug] [2022-03-23T00:56:19.341Z] [hub] writing locator at C:\Users\Spencer\AppData\Local\Temp\hub-friendlyeats-d38bb.json
[debug] [2022-03-23T00:56:19.356Z] >>> [apiv2][query] GET https://firebasehosting.googleapis.com/v1beta1/projects/friendlyeats-d38bb/sites 
[debug] [2022-03-23T00:56:19.885Z] <<< [apiv2][status] GET https://firebasehosting.googleapis.com/v1beta1/projects/friendlyeats-d38bb/sites 200
[debug] [2022-03-23T00:56:19.885Z] <<< [apiv2][body] GET https://firebasehosting.googleapis.com/v1beta1/projects/friendlyeats-d38bb/sites {"sites":[{"name":"projects/965106040507/sites/friendlyeats-d38bb","defaultUrl":"https://friendlyeats-d38bb.web.app","type":"DEFAULT_SITE"}]}
[debug] [2022-03-23T00:56:19.885Z] >>> [apiv2][query] GET https://firebase.googleapis.com/v1beta1/projects/friendlyeats-d38bb/webApps/-/config [none]
[debug] [2022-03-23T00:56:20.183Z] <<< [apiv2][status] GET https://firebase.googleapis.com/v1beta1/projects/friendlyeats-d38bb/webApps/-/config 200
[debug] [2022-03-23T00:56:20.183Z] <<< [apiv2][body] GET https://firebase.googleapis.com/v1beta1/projects/friendlyeats-d38bb/webApps/-/config {"projectId":"friendlyeats-d38bb","storageBucket":"friendlyeats-d38bb.appspot.com","locationId":"us-central","apiKey":"AIzaSyBCxZ9e35ar_A_IVGM1nJWv2qZnC0RU_5k","authDomain":"friendlyeats-d38bb.firebaseapp.com","messagingSenderId":"965106040507"}
[info] i  hosting: Serving hosting files from: ./ {"metadata":{"emulator":{"name":"hosting"},"message":"Serving hosting files from: \u001b[1m./\u001b[22m"}}
[info] +  hosting: Local server: http://localhost:5000 {"metadata":{"emulator":{"name":"hosting"},"message":"Local server: \u001b[4m\u001b[1mhttp://localhost:5000\u001b[22m\u001b[24m"}}
[warn] !  emulators: The Emulator UI requires a project ID to start. Configure your default project with 'firebase use' or pass the --project flag. {"metadata":{"emulator":{"name":"hub"},"message":"The Emulator UI requires a project ID to start. Configure your default project with 'firebase use' or pass the --project flag."}}
[info] 
┌─────────────────────────────────────────────────────────────┐
│ ✔  All emulators ready! It is now safe to connect your app. │
└─────────────────────────────────────────────────────────────┘

┌──────────┬────────────────┐
│ Emulator │ Host:Port      │
├──────────┼────────────────┤
│ Hosting  │ localhost:5000 │
└──────────┴────────────────┘
  Emulator Hub running at localhost:4400
  Other reserved ports: 4500

Issues? Report them at https://github.com/firebase/firebase-tools/issues and attach the *-debug.log files.
 
